<?xml version="1.0" encoding="UTF-8"?>
<!-- Generated by org.testng.reporters.JUnitReportReporter -->
<testsuite hostname="DELL-C0HKRC2" failures="0" tests="1" name="pruebas.Laboratorio9" time="0.473" errors="0" timestamp="2022-04-21T08:33:30 ART" skipped="0">
  <testcase classname="pruebas.Laboratorio9" name="verValorTabla" time="0.473"/>
  <system-out/>
</testsuite> <!-- pruebas.Laboratorio9 -->
