<?xml version="1.0" encoding="UTF-8"?>
<!-- Generated by org.testng.reporters.JUnitReportReporter -->
<testsuite hostname="DELL-C0HKRC2" failures="0" tests="1" name="Edit.EducacionIT17Mar2022.Laboratorio5" time="7.705" errors="0" timestamp="2022-04-12T08:52:47 ART" skipped="0">
  <testcase classname="Edit.EducacionIT17Mar2022.Laboratorio5" name="registrarUsuario" time="7.705"/>
  <system-out/>
</testsuite> <!-- Edit.EducacionIT17Mar2022.Laboratorio5 -->
