<?xml version="1.0" encoding="UTF-8"?>
<!-- Generated by org.testng.reporters.JUnitReportReporter -->
<testsuite hostname="DELL-C0HKRC2" failures="0" tests="1" name="Edit.EducacionIT17Mar2022.Laboratorio3" time="19.240" errors="0" timestamp="2022-04-05T09:42:06 ART" skipped="0">
  <testcase classname="Edit.EducacionIT17Mar2022.Laboratorio3" name="registrarUsuario" time="19.240"/>
  <system-out/>
</testsuite> <!-- Edit.EducacionIT17Mar2022.Laboratorio3 -->
