<?xml version="1.0" encoding="UTF-8"?>
<!-- Generated by org.testng.reporters.JUnitReportReporter -->
<testsuite hostname="DELL-C0HKRC2" failures="0" tests="1" name="pruebas.Laboratorio8b" time="0.648" errors="0" timestamp="2022-04-19T10:00:38 ART" skipped="0">
  <testcase classname="pruebas.Laboratorio8b" name="alerta4" time="0.648"/>
  <system-out/>
</testsuite> <!-- pruebas.Laboratorio8b -->
