<?xml version="1.0" encoding="UTF-8"?>
<!-- Generated by org.testng.reporters.JUnitReportReporter -->
<testsuite hostname="DELL-C0HKRC2" failures="0" tests="2" name="Edit.EducacionIT17Mar2022.Laboratorio2" time="38.240" errors="0" timestamp="2022-04-05T09:22:58 ART" skipped="0">
  <testcase classname="Edit.EducacionIT17Mar2022.Laboratorio2" name="buscarPalabraFirefox" time="17.274"/>
  <system-out/>
  <testcase classname="Edit.EducacionIT17Mar2022.Laboratorio2" name="buscarPalabraChrome" time="20.966"/>
  <system-out/>
</testsuite> <!-- Edit.EducacionIT17Mar2022.Laboratorio2 -->
