<?xml version="1.0" encoding="UTF-8"?>
<!-- Generated by org.testng.reporters.JUnitReportReporter -->
<testsuite hostname="DELL-C0HKRC2" failures="0" tests="1" name="Edit.EducacionIT17Mar2022.AppTest" time="0.009" errors="0" timestamp="2022-04-05T09:22:58 ART" skipped="0">
  <testcase classname="Edit.EducacionIT17Mar2022.AppTest" name="shouldAnswerWithTrue" time="0.009"/>
  <system-out/>
</testsuite> <!-- Edit.EducacionIT17Mar2022.AppTest -->
