<?xml version="1.0" encoding="UTF-8"?>
<!-- Generated by org.testng.reporters.JUnitReportReporter -->
<testsuite hostname="DELL-C0HKRC2" failures="0" tests="1" name="Edit.EducacionIT17Mar2022.Laboratorio6b" time="16.529" errors="0" timestamp="2022-04-07T09:36:14 ART" skipped="0">
  <testcase classname="Edit.EducacionIT17Mar2022.Laboratorio6b" name="buscarPalabra" time="16.529"/>
  <system-out/>
</testsuite> <!-- Edit.EducacionIT17Mar2022.Laboratorio6b -->
